<?xml version="1.0" encoding="UTF-8"?><testsuite errors="1" failures="0" name="cita" skipped="0" tests="1" time="25.73" timestamp="2023-05-30 09:50:40"><testcase name="agendar cita medica"><error message="java.lang.String cannot be cast to [Ljava.lang.CharSequence;" type="java.lang.ClassCastException">java.lang.String cannot be cast to [Ljava.lang.CharSequence;</error><system-err>java.lang.String cannot be cast to [Ljava.lang.CharSequence;&#13;
task.Login.performAs(Login.java:24)&#13;
stepdefinitions.citaStepDefinitions.usuario_esta_en_pagina_principal(citaStepDefinitions.java:51)&#13;
io.cucumber.java.Invoker.invoke(Invoker.java:27)&#13;
io.cucumber.java.JavaStepDefinition.execute(JavaStepDefinition.java:27)&#13;
io.cucumber.core.runner.PickleStepDefinitionMatch.runStep(PickleStepDefinitionMatch.java:63)&#13;
io.cucumber.core.runner.TestStep.executeStep(TestStep.java:64)&#13;
io.cucumber.core.runner.TestStep.run(TestStep.java:49)&#13;
io.cucumber.core.runner.PickleStepTestStep.run(PickleStepTestStep.java:46)&#13;
io.cucumber.core.runner.TestCase.run(TestCase.java:51)&#13;
io.cucumber.core.runner.Runner.runPickle(Runner.java:67)&#13;
io.cucumber.junit.FeatureRunner.runChild(FeatureRunner.java:83)&#13;
io.cucumber.junit.FeatureRunner.runChild(FeatureRunner.java:24)&#13;
io.cucumber.junit.CucumberSerenityRunner.runChild(CucumberSerenityRunner.java:227)&#13;
io.cucumber.junit.CucumberSerenityRunner.runChild(CucumberSerenityRunner.java:54)&#13;
worker.org.gradle.process.internal.worker.GradleWorkerMain.run(GradleWorkerMain.java:69)&#13;
worker.org.gradle.process.internal.worker.GradleWorkerMain.main(GradleWorkerMain.java:74)&#13;
</system-err></testcase></testsuite>